{"contracts\\SignatureVer.sol":{"l":{"26":2,"34":2,"35":2,"47":2,"62":1,"63":1,"66":1,"69":0},"path":"C:\\Blockchain\\personal\\SignatureEIP712\\contracts\\SignatureVer.sol","s":{"1":2,"2":2,"3":2,"4":2,"5":1,"6":1,"7":0},"b":{},"f":{"1":3,"2":2,"3":2,"4":2,"5":1,"6":0},"fnMap":{"1":{"name":"constructor","line":21,"loc":{"start":{"line":21,"column":4},"end":{"line":23,"column":4}}},"2":{"name":"validate","line":25,"loc":{"start":{"line":25,"column":4},"end":{"line":27,"column":4}}},"3":{"name":"_verify","line":29,"loc":{"start":{"line":29,"column":4},"end":{"line":36,"column":4}}},"4":{"name":"_hash","line":38,"loc":{"start":{"line":38,"column":4},"end":{"line":59,"column":4}}},"5":{"name":"getChainID","line":61,"loc":{"start":{"line":61,"column":4},"end":{"line":67,"column":4}}},"6":{"name":"getBlockChainID","line":68,"loc":{"start":{"line":68,"column":4},"end":{"line":70,"column":4}}}},"statementMap":{"1":{"start":{"line":26,"column":8},"end":{"line":26,"column":41}},"2":{"start":{"line":34,"column":8},"end":{"line":34,"column":35}},"3":{"start":{"line":35,"column":8},"end":{"line":35,"column":50}},"4":{"start":{"line":47,"column":8},"end":{"line":47,"column":1436}},"5":{"start":{"line":62,"column":8},"end":{"line":62,"column":18}},"6":{"start":{"line":66,"column":8},"end":{"line":66,"column":17}},"7":{"start":{"line":69,"column":8},"end":{"line":69,"column":28}}},"branchMap":{}}}